<?xml version="1.0" encoding="UTF-8"?>
<testng-results skipped="0" failed="1" total="2" passed="1">
  <reporter-output>
  </reporter-output>
  <suite name="Suite" duration-ms="17246" started-at="2016-09-14T22:04:51Z" finished-at="2016-09-14T22:05:08Z">
    <groups>
    </groups>
    <test name="Test" duration-ms="17246" started-at="2016-09-14T22:04:51Z" finished-at="2016-09-14T22:05:08Z">
      <class name="suites.pruebaParalelo">
        <test-method status="PASS" signature="startTest()[pri:0, instance:suites.pruebaParalelo@1b0375b3]" name="startTest" is-config="true" duration-ms="6411" started-at="2016-09-14T19:04:51Z" finished-at="2016-09-14T19:04:58Z">
          <reporter-output>
          </reporter-output>
        </test-method> <!-- startTest -->
        <test-method status="PASS" signature="startTest()[pri:0, instance:suites.pruebaParalelo@1b0375b3]" name="startTest" is-config="true" duration-ms="11566" started-at="2016-09-14T19:04:51Z" finished-at="2016-09-14T19:05:03Z">
          <reporter-output>
          </reporter-output>
        </test-method> <!-- startTest -->
        <test-method status="PASS" signature="testLoginWithCorrectPassword()[pri:0, instance:suites.pruebaParalelo@1b0375b3]" name="testLoginWithCorrectPassword" duration-ms="6964" started-at="2016-09-14T19:04:58Z" finished-at="2016-09-14T19:05:04Z">
          <reporter-output>
          </reporter-output>
        </test-method> <!-- testLoginWithCorrectPassword -->
        <test-method status="FAIL" signature="testLoginwithInCorrectPassword()[pri:0, instance:suites.pruebaParalelo@1b0375b3]" name="testLoginwithInCorrectPassword" duration-ms="5659" started-at="2016-09-14T19:05:03Z" finished-at="2016-09-14T19:05:08Z">
          <exception class="org.openqa.selenium.WebDriverException">
            <message>
              <![CDATA[Error communicating with the remote browser. It may have died.
Build info: version: '2.47.1', revision: '411b314', time: '2015-07-30 03:03:16'
System info: host: 'Viktor', ip: '192.168.230.1', os.name: 'Windows 7', os.arch: 'amd64', os.version: '6.1', java.version: '1.8.0_31'
Driver info: driver.version: EventFiringWebDriver
Command duration or timeout: 3.65 seconds
Build info: version: '2.44.0', revision: '76d78cf', time: '2014-10-23 20:03:00'
System info: host: 'Viktor', ip: '192.168.230.1', os.name: 'Windows 7', os.arch: 'amd64', os.version: '6.1', java.version: '1.8.0'
Driver info: org.openqa.selenium.remote.RemoteWebDriver
Capabilities [{applicationCacheEnabled=true, rotatable=false, handlesAlerts=true, databaseEnabled=true, version=33.0, platform=WINDOWS, nativeEvents=true, acceptSslCerts=true, webdriver.remote.sessionid=2ed349fd-f4b6-45f1-86e7-8c34c16e018e, webStorageEnabled=true, locationContextEnabled=true, browserName=firefox, takesScreenshot=true, javascriptEnabled=true, cssSelectorsEnabled=true}]
Session ID: 2ed349fd-f4b6-45f1-86e7-8c34c16e018e]]>
            </message>
            <full-stacktrace>
              <![CDATA[org.openqa.selenium.WebDriverException: Error communicating with the remote browser. It may have died.
Build info: version: '2.47.1', revision: '411b314', time: '2015-07-30 03:03:16'
System info: host: 'Viktor', ip: '192.168.230.1', os.name: 'Windows 7', os.arch: 'amd64', os.version: '6.1', java.version: '1.8.0_31'
Driver info: driver.version: EventFiringWebDriver
Command duration or timeout: 3.65 seconds
Build info: version: '2.44.0', revision: '76d78cf', time: '2014-10-23 20:03:00'
System info: host: 'Viktor', ip: '192.168.230.1', os.name: 'Windows 7', os.arch: 'amd64', os.version: '6.1', java.version: '1.8.0'
Driver info: org.openqa.selenium.remote.RemoteWebDriver
Capabilities [{applicationCacheEnabled=true, rotatable=false, handlesAlerts=true, databaseEnabled=true, version=33.0, platform=WINDOWS, nativeEvents=true, acceptSslCerts=true, webdriver.remote.sessionid=2ed349fd-f4b6-45f1-86e7-8c34c16e018e, webStorageEnabled=true, locationContextEnabled=true, browserName=firefox, takesScreenshot=true, javascriptEnabled=true, cssSelectorsEnabled=true}]
Session ID: 2ed349fd-f4b6-45f1-86e7-8c34c16e018e
	at sun.reflect.NativeConstructorAccessorImpl.newInstance0(Native Method)
	at sun.reflect.NativeConstructorAccessorImpl.newInstance(NativeConstructorAccessorImpl.java:62)
	at sun.reflect.DelegatingConstructorAccessorImpl.newInstance(DelegatingConstructorAccessorImpl.java:45)
	at java.lang.reflect.Constructor.newInstance(Constructor.java:408)
	at org.openqa.selenium.remote.ErrorHandler.createThrowable(ErrorHandler.java:204)
	at org.openqa.selenium.remote.ErrorHandler.throwIfResponseFailed(ErrorHandler.java:156)
	at org.openqa.selenium.remote.RemoteWebDriver.execute(RemoteWebDriver.java:599)
	at org.openqa.selenium.remote.RemoteWebDriver.get(RemoteWebDriver.java:304)
	at org.openqa.selenium.remote.RemoteWebDriver$RemoteNavigation.to(RemoteWebDriver.java:846)
	at suites.pruebaParalelo.testLoginwithInCorrectPassword(pruebaParalelo.java:51)
	at sun.reflect.NativeMethodAccessorImpl.invoke0(Native Method)
	at sun.reflect.NativeMethodAccessorImpl.invoke(NativeMethodAccessorImpl.java:62)
	at sun.reflect.DelegatingMethodAccessorImpl.invoke(DelegatingMethodAccessorImpl.java:43)
	at java.lang.reflect.Method.invoke(Method.java:483)
	at org.testng.internal.MethodInvocationHelper.invokeMethod(MethodInvocationHelper.java:84)
	at org.testng.internal.Invoker.invokeMethod(Invoker.java:714)
	at org.testng.internal.Invoker.invokeTestMethod(Invoker.java:901)
	at org.testng.internal.Invoker.invokeTestMethods(Invoker.java:1231)
	at org.testng.internal.TestMethodWorker.invokeTestMethods(TestMethodWorker.java:127)
	at org.testng.internal.TestMethodWorker.run(TestMethodWorker.java:111)
	at java.util.concurrent.ThreadPoolExecutor.runWorker(ThreadPoolExecutor.java:1142)
	at java.util.concurrent.ThreadPoolExecutor$Worker.run(ThreadPoolExecutor.java:617)
	at java.lang.Thread.run(Thread.java:744)
Caused by: org.openqa.selenium.remote.UnreachableBrowserException: Error communicating with the remote browser. It may have died.
Build info: version: '2.47.1', revision: '411b314', time: '2015-07-30 03:03:16'
System info: host: 'Viktor', ip: '192.168.230.1', os.name: 'Windows 7', os.arch: 'amd64', os.version: '6.1', java.version: '1.8.0_31'
Driver info: driver.version: EventFiringWebDriver
Build info: version: '2.44.0', revision: '76d78cf', time: '2014-10-23 20:03:00'
System info: host: 'Viktor', ip: '192.168.230.1', os.name: 'Windows 7', os.arch: 'amd64', os.version: '6.1', java.version: '1.8.0'
Driver info: driver.version: unknown
]]>
            </full-stacktrace>
          </exception> <!-- org.openqa.selenium.WebDriverException -->
          <reporter-output>
          </reporter-output>
        </test-method> <!-- testLoginwithInCorrectPassword -->
      </class> <!-- suites.pruebaParalelo -->
    </test> <!-- Test -->
  </suite> <!-- Suite -->
</testng-results>
